<?xml version="1.0" encoding="UTF-8"?>
<testsuite xmlns:xsi="http://www.w3.org/2001/XMLSchema-instance" xsi:noNamespaceSchemaLocation="https://maven.apache.org/surefire/maven-surefire-plugin/xsd/surefire-test-report.xsd" version="3.0.1" name="cucumberOptions.TestRunner" time="9.957" tests="2" errors="0" skipped="0" failures="0">
  <properties>
[...]
</properties>
  <testcase name="Mortgage User Page default login #1" classname="Application Login" time="3.827">
    <system-out><![CDATA[
@SmokeTest @RegressionTest @NetBanking
Scenario Outline: Mortgage User Page default login                         &amp#27;[90m# src/test/java/features/firstProgram.feature:39&amp#27;[0m
***************
setup the entries in Netbanking database
***************
setup the entries in BeforeMethod
**********************
setup the entries in database
  &amp#27;[32mGiven &amp#27;[0m&amp#27;[32msetup the entries in database&amp#27;[0m                                      &amp#27;[90m# stepDefinitions.MainSteps.setupEntries()&amp#27;[0m
launch the browser from config variables
  &amp#27;[32mWhen &amp#27;[0m&amp#27;[32mlaunch the browser from config variables&amp#27;[0m                            &amp#27;[90m# stepDefinitions.MainSteps.launchBrowser()&amp#27;[0m
hit the home page url of banking site
  &amp#27;[32mAnd &amp#27;[0m&amp#27;[32mhit the home page url of banking site&amp#27;[0m                                &amp#27;[90m# stepDefinitions.MainSteps.hitUrl()&amp#27;[0m
User landed on netbanking page
  &amp#27;[32mGiven &amp#27;[0m&amp#27;[32mUser is on NetBanking landing page&amp#27;[0m                                 &amp#27;[90m# stepDefinitions.MainSteps.user_is_on_net_banking_landing_page()&amp#27;[0m
"debituser"and password is "hello12"
  &amp#27;[32mWhen &amp#27;[0m&amp#27;[32mUser login into application with &amp#27;[0m&amp#27;[32m&amp#27;[1m"debituser"&amp#27;[0m&amp#27;[32m and password &amp#27;[0m&amp#27;[32m&amp#27;[1m"hello12"&amp#27;[0m &amp#27;[90m# stepDefinitions.MainSteps.user_login_into_application_with_and_password(java.lang.String,java.lang.String)&amp#27;[0m
Home page is displayed
  &amp#27;[32mThen &amp#27;[0m&amp#27;[32mHome Page is displayed&amp#27;[0m                                              &amp#27;[90m# stepDefinitions.MainSteps.home_page_is_displayed()&amp#27;[0m
Cards are displayed
  &amp#27;[32mAnd &amp#27;[0m&amp#27;[32mCards are displayed&amp#27;[0m                                                  &amp#27;[90m# stepDefinitions.MainSteps.cards_are_displayed()&amp#27;[0m
clear the entries
]]></system-out>
  </testcase>
  <testcase name="Mortgage User Page default login #2" classname="Application Login" time="5.437">
    <system-out><![CDATA[
@SmokeTest @RegressionTest @NetBanking
Scenario Outline: Mortgage User Page default login                        &amp#27;[90m# src/test/java/features/firstProgram.feature:40&amp#27;[0m
***************
setup the entries in Netbanking database
***************
setup the entries in BeforeMethod
**********************
setup the entries in database
  &amp#27;[32mGiven &amp#27;[0m&amp#27;[32msetup the entries in database&amp#27;[0m                                     &amp#27;[90m# stepDefinitions.MainSteps.setupEntries()&amp#27;[0m
launch the browser from config variables
  &amp#27;[32mWhen &amp#27;[0m&amp#27;[32mlaunch the browser from config variables&amp#27;[0m                           &amp#27;[90m# stepDefinitions.MainSteps.launchBrowser()&amp#27;[0m
hit the home page url of banking site
  &amp#27;[32mAnd &amp#27;[0m&amp#27;[32mhit the home page url of banking site&amp#27;[0m                               &amp#27;[90m# stepDefinitions.MainSteps.hitUrl()&amp#27;[0m
User landed on netbanking page
  &amp#27;[32mGiven &amp#27;[0m&amp#27;[32mUser is on NetBanking landing page&amp#27;[0m                                &amp#27;[90m# stepDefinitions.MainSteps.user_is_on_net_banking_landing_page()&amp#27;[0m
"crediuser"and password is "lpo213"
  &amp#27;[32mWhen &amp#27;[0m&amp#27;[32mUser login into application with &amp#27;[0m&amp#27;[32m&amp#27;[1m"crediuser"&amp#27;[0m&amp#27;[32m and password &amp#27;[0m&amp#27;[32m&amp#27;[1m"lpo213"&amp#27;[0m &amp#27;[90m# stepDefinitions.MainSteps.user_login_into_application_with_and_password(java.lang.String,java.lang.String)&amp#27;[0m
Home page is displayed
  &amp#27;[32mThen &amp#27;[0m&amp#27;[32mHome Page is displayed&amp#27;[0m                                             &amp#27;[90m# stepDefinitions.MainSteps.home_page_is_displayed()&amp#27;[0m
Cards are displayed
  &amp#27;[32mAnd &amp#27;[0m&amp#27;[32mCards are displayed&amp#27;[0m                                                 &amp#27;[90m# stepDefinitions.MainSteps.cards_are_displayed()&amp#27;[0m
clear the entries
]]></system-out>
  </testcase>
</testsuite>